2022-05-12 03:50:07.513  INFO [PensionDisburesmentService,,] 26026 --- [restartedMain] nsionDisbursementMicroserviceApplication : Starting PensionDisbursementMicroserviceApplication using Java 1.8.0_301 on intuitdepfceb5 with PID 26026 (/Users/bshree/Desktop/PensionManagementSystem-master 2/pension-disbursement-microservice/target/classes started by bshree in /Users/bshree/Desktop/PensionManagementSystem-master 2/pension-disbursement-microservice)
2022-05-12 03:50:07.517 DEBUG [PensionDisburesmentService,,] 26026 --- [restartedMain] nsionDisbursementMicroserviceApplication : Running with Spring Boot v2.4.9, Spring v5.3.9
2022-05-12 03:50:07.518  INFO [PensionDisburesmentService,,] 26026 --- [restartedMain] nsionDisbursementMicroserviceApplication : No active profile set, falling back to default profiles: default
2022-05-12 03:50:07.565  INFO [PensionDisburesmentService,,] 26026 --- [restartedMain] .e.DevToolsPropertyDefaultsPostProcessor : Devtools property defaults active! Set 'spring.devtools.add-properties' to 'false' to disable
2022-05-12 03:50:07.565  INFO [PensionDisburesmentService,,] 26026 --- [restartedMain] .e.DevToolsPropertyDefaultsPostProcessor : For additional web related logging consider setting the 'logging.level.web' property to 'DEBUG'
2022-05-12 03:50:08.275  INFO [PensionDisburesmentService,,] 26026 --- [restartedMain] .s.d.r.c.RepositoryConfigurationDelegate : Bootstrapping Spring Data JPA repositories in DEFAULT mode.
2022-05-12 03:50:08.288  INFO [PensionDisburesmentService,,] 26026 --- [restartedMain] .s.d.r.c.RepositoryConfigurationDelegate : Finished Spring Data repository scanning in 6 ms. Found 0 JPA repository interfaces.
2022-05-12 03:50:08.543  INFO [PensionDisburesmentService,,] 26026 --- [restartedMain] o.s.cloud.context.scope.GenericScope     : BeanFactory id=5c3759df-218f-38ad-b0df-eaad1930406b
2022-05-12 03:50:09.390  INFO [PensionDisburesmentService,,] 26026 --- [restartedMain] o.s.b.w.embedded.tomcat.TomcatWebServer  : Tomcat initialized with port(s): 9083 (http)
2022-05-12 03:50:09.403  INFO [PensionDisburesmentService,,] 26026 --- [restartedMain] o.apache.catalina.core.StandardService   : Starting service [Tomcat]
2022-05-12 03:50:09.403  INFO [PensionDisburesmentService,,] 26026 --- [restartedMain] org.apache.catalina.core.StandardEngine  : Starting Servlet engine: [Apache Tomcat/9.0.50]
2022-05-12 03:50:09.517  INFO [PensionDisburesmentService,,] 26026 --- [restartedMain] o.a.c.c.C.[Tomcat].[localhost].[/]       : Initializing Spring embedded WebApplicationContext
2022-05-12 03:50:09.518  INFO [PensionDisburesmentService,,] 26026 --- [restartedMain] w.s.c.ServletWebServerApplicationContext : Root WebApplicationContext: initialization completed in 1952 ms
2022-05-12 03:50:09.587  INFO [PensionDisburesmentService,,] 26026 --- [restartedMain] com.zaxxer.hikari.HikariDataSource       : HikariPool-1 - Starting...
2022-05-12 03:50:09.779  INFO [PensionDisburesmentService,,] 26026 --- [restartedMain] com.zaxxer.hikari.HikariDataSource       : HikariPool-1 - Start completed.
2022-05-12 03:50:09.787  INFO [PensionDisburesmentService,,] 26026 --- [restartedMain] o.s.b.a.h2.H2ConsoleAutoConfiguration    : H2 console available at '/h2-console'. Database available at 'jdbc:h2:mem:19b46f8a-9449-45be-89ae-09cec98c893e'
2022-05-12 03:50:11.162  WARN [PensionDisburesmentService,,] 26026 --- [restartedMain] o.s.c.s.a.z.ZipkinAutoConfiguration      : Check result of the [RestTemplateSender{http://localhost:9411/api/v2/spans}] contains an error [CheckResult{ok=false, error=java.util.concurrent.TimeoutException: RestTemplateSender{http://localhost:9411/api/v2/spans} check() timed out after 1000ms}]
2022-05-12 03:50:11.394  INFO [PensionDisburesmentService,,] 26026 --- [restartedMain] o.hibernate.jpa.internal.util.LogHelper  : HHH000204: Processing PersistenceUnitInfo [name: default]
2022-05-12 03:50:11.438  INFO [PensionDisburesmentService,,] 26026 --- [restartedMain] org.hibernate.Version                    : HHH000412: Hibernate ORM core version 5.4.32.Final
2022-05-12 03:50:11.575  INFO [PensionDisburesmentService,,] 26026 --- [restartedMain] o.hibernate.annotations.common.Version   : HCANN000001: Hibernate Commons Annotations {5.1.2.Final}
2022-05-12 03:50:11.726  INFO [PensionDisburesmentService,,] 26026 --- [restartedMain] org.hibernate.dialect.Dialect            : HHH000400: Using dialect: org.hibernate.dialect.H2Dialect
2022-05-12 03:50:12.001  INFO [PensionDisburesmentService,,] 26026 --- [restartedMain] o.h.e.t.j.p.i.JtaPlatformInitiator       : HHH000490: Using JtaPlatform implementation: [org.hibernate.engine.transaction.jta.platform.internal.NoJtaPlatform]
2022-05-12 03:50:12.012  INFO [PensionDisburesmentService,,] 26026 --- [restartedMain] j.LocalContainerEntityManagerFactoryBean : Initialized JPA EntityManagerFactory for persistence unit 'default'
2022-05-12 03:50:12.051  WARN [PensionDisburesmentService,,] 26026 --- [restartedMain] o.s.b.d.a.OptionalLiveReloadServer       : Unable to start LiveReload server
2022-05-12 03:50:12.214  WARN [PensionDisburesmentService,,] 26026 --- [restartedMain] JpaBaseConfiguration$JpaWebConfiguration : spring.jpa.open-in-view is enabled by default. Therefore, database queries may be performed during view rendering. Explicitly configure spring.jpa.open-in-view to disable this warning
2022-05-12 03:50:14.356  INFO [PensionDisburesmentService,,] 26026 --- [restartedMain] o.s.cloud.commons.util.InetUtils         : Cannot determine local hostname
2022-05-12 03:50:14.493  INFO [PensionDisburesmentService,,] 26026 --- [restartedMain] o.s.b.w.embedded.tomcat.TomcatWebServer  : Tomcat started on port(s): 9083 (http) with context path ''
2022-05-12 03:50:15.498  INFO [PensionDisburesmentService,,] 26026 --- [restartedMain] o.s.cloud.commons.util.InetUtils         : Cannot determine local hostname
2022-05-12 03:50:15.499  INFO [PensionDisburesmentService,,] 26026 --- [restartedMain] d.s.w.p.DocumentationPluginsBootstrapper : Context refreshed
2022-05-12 03:50:15.629  INFO [PensionDisburesmentService,,] 26026 --- [restartedMain] d.s.w.p.DocumentationPluginsBootstrapper : Found 1 custom documentation plugin(s)
2022-05-12 03:50:15.637  INFO [PensionDisburesmentService,,] 26026 --- [restartedMain] s.d.s.w.s.ApiListingReferenceScanner     : Scanning for api listing references
2022-05-12 03:50:15.749  INFO [PensionDisburesmentService,,] 26026 --- [restartedMain] nsionDisbursementMicroserviceApplication : Started PensionDisbursementMicroserviceApplication in 14.043 seconds (JVM running for 14.508)
2022-05-12 04:03:11.000  INFO [PensionDisburesmentService,,] 26026 --- [http-nio-9083-exec-1] o.a.c.c.C.[Tomcat].[localhost].[/]       : Initializing Spring DispatcherServlet 'dispatcherServlet'
2022-05-12 04:03:11.002  INFO [PensionDisburesmentService,,] 26026 --- [http-nio-9083-exec-1] o.s.web.servlet.DispatcherServlet        : Initializing Servlet 'dispatcherServlet'
2022-05-12 04:03:11.026  INFO [PensionDisburesmentService,,] 26026 --- [http-nio-9083-exec-1] o.s.web.servlet.DispatcherServlet        : Completed initialization in 23 ms
2022-05-12 04:03:11.239  INFO [PensionDisburesmentService,bfecb7c2507e0799,a5a1240bd21a4f65] 26026 --- [http-nio-9083-exec-1] c.c.c.PensionerDisbrusmentConroller      : STARTED - getPensionDisbursement
2022-05-12 04:03:11.284  INFO [PensionDisburesmentService,bfecb7c2507e0799,a5a1240bd21a4f65] 26026 --- [http-nio-9083-exec-1] c.c.service.PensionDisbrusmentService    : STARTED - statusCode
2022-05-12 04:03:11.285  INFO [PensionDisburesmentService,bfecb7c2507e0799,a5a1240bd21a4f65] 26026 --- [http-nio-9083-exec-1] c.c.service.PensionDisbrusmentService    : STARTED - inputBankCharge
2022-05-12 04:03:11.285  INFO [PensionDisburesmentService,bfecb7c2507e0799,a5a1240bd21a4f65] 26026 --- [http-nio-9083-exec-1] c.c.service.PensionDisbrusmentService    : END - inputBankCharge - private - false
2022-05-12 04:03:11.285  INFO [PensionDisburesmentService,bfecb7c2507e0799,a5a1240bd21a4f65] 26026 --- [http-nio-9083-exec-1] c.c.service.PensionDisbrusmentService    : END - statusCode - fail
2022-05-12 04:03:11.285  INFO [PensionDisburesmentService,bfecb7c2507e0799,a5a1240bd21a4f65] 26026 --- [http-nio-9083-exec-1] c.c.c.PensionerDisbrusmentConroller      : END - getPensionDisbursement
2022-05-12 04:58:09.919  INFO [PensionDisburesmentService,,] 26026 --- [Thread-1] j.LocalContainerEntityManagerFactoryBean : Closing JPA EntityManagerFactory for persistence unit 'default'
2022-05-12 04:58:09.937  INFO [PensionDisburesmentService,,] 26026 --- [Thread-1] .SchemaDropperImpl$DelayedDropActionImpl : HHH000477: Starting delayed evictData of schema as part of SessionFactory shut-down'
2022-05-12 04:58:10.248  WARN [PensionDisburesmentService,,] 26026 --- [Thread-1] o.s.b.f.support.DisposableBeanAdapter    : Invocation of destroy method failed on bean with name 'inMemoryDatabaseShutdownExecutor': org.h2.jdbc.JdbcSQLNonTransientConnectionException: Database is already closed (to disable automatic closing at VM shutdown, add ";DB_CLOSE_ON_EXIT=FALSE" to the db URL) [90121-200]
2022-05-12 04:58:11.258  INFO [PensionDisburesmentService,,] 26026 --- [Thread-1] com.zaxxer.hikari.HikariDataSource       : HikariPool-1 - Shutdown initiated...
2022-05-12 04:58:11.261  INFO [PensionDisburesmentService,,] 26026 --- [Thread-1] com.zaxxer.hikari.HikariDataSource       : HikariPool-1 - Shutdown completed.
